-------------------------------------------------------------------------------
Test set: com.mycompany.ReposicaoApplicationTests
-------------------------------------------------------------------------------
Tests run: 1, Failures: 0, Errors: 1, Skipped: 0, Time elapsed: 0.588 s <<< FAILURE! - in com.mycompany.ReposicaoApplicationTests
initializationError(com.mycompany.ReposicaoApplicationTests)  Time elapsed: 0.005 s  <<< ERROR!
java.lang.IllegalStateException: Unable to find a @SpringBootConfiguration, you need to use @ContextConfiguration or @SpringBootTest(classes=...) with your test

